ProyectoFinalPOI/app/build/intermediates/manifest_merge_blame_file/debug/manifest-merger-blame-debug-report.txt
1<?xml version="1.0" encoding="utf-8"?>
2<manifest xmlns:android="http://schemas.android.com/apk/res/android"
3    package="com.example.pantalla1"
4    android:versionCode="1"
5    android:versionName="1.0" >
6
7    <uses-sdk
8        android:minSdkVersion="19"
8-->src\main\AndroidManifest.xml
9        android:targetSdkVersion="30" />
9-->src\main\AndroidManifest.xml
10
11    <uses-permission android:name="android.permission.INTERNET" />
11-->src\main\AndroidManifest.xml:4:5-67
11-->src\main\AndroidManifest.xml:4:22-64
12    <uses-permission android:name="android.permission.READ_EXTERNAL_STORAGE" />
12-->src\main\AndroidManifest.xml:5:5-80
12-->src\main\AndroidManifest.xml:5:22-77
13    <uses-permission android:name="android.permission.WRITE_EXTERNAL_STORAGE" />
13-->src\main\AndroidManifest.xml:6:5-81
13-->src\main\AndroidManifest.xml:6:22-78
14
15    <!-- Although the *SdkVersion is captured in gradle build files, this is required for non gradle builds -->
16    <!-- <uses-sdk android:minSdkVersion="14"/> -->
17    <uses-permission android:name="android.permission.ACCESS_NETWORK_STATE" />
17-->[com.google.firebase:firebase-storage:19.2.2] AndroidManifest.xml:26:5-79
17-->[com.google.firebase:firebase-storage:19.2.2] AndroidManifest.xml:26:22-76
18
19    <application
19-->src\main\AndroidManifest.xml:8:5-46:19
20        android:name="androidx.multidex.MultiDexApplication"
21        android:allowBackup="true"
21-->src\main\AndroidManifest.xml:10:9-35
22        android:appComponentFactory="androidx.core.app.CoreComponentFactory"
22-->[androidx.core:core:1.3.2] AndroidManifest.xml:24:18-86
23        android:debuggable="true"
24        android:icon="@mipmap/ic_launcher"
24-->src\main\AndroidManifest.xml:11:9-43
25        android:label="@string/app_name"
25-->src\main\AndroidManifest.xml:12:9-41
26        android:requestLegacyExternalStorage="true"
26-->src\main\AndroidManifest.xml:9:9-52
27        android:roundIcon="@mipmap/ic_launcher_round"
27-->src\main\AndroidManifest.xml:13:9-54
28        android:supportsRtl="true"
28-->src\main\AndroidManifest.xml:14:9-35
29        android:testOnly="true"
30        android:theme="@style/Theme.Pantalla1" >
30-->src\main\AndroidManifest.xml:15:9-47
31        <meta-data
31-->src\main\AndroidManifest.xml:16:9-18:47
32            android:name="com.google.android.actions"
32-->src\main\AndroidManifest.xml:17:13-54
33            android:resource="@xml/actions" />
33-->src\main\AndroidManifest.xml:18:13-44
34
35        <activity android:name="com.example.pantalla1.MainActivity" >
35-->src\main\AndroidManifest.xml:20:9-26:20
35-->src\main\AndroidManifest.xml:20:19-47
36            <intent-filter>
36-->src\main\AndroidManifest.xml:21:13-25:29
37                <action android:name="android.intent.action.MAIN" />
37-->src\main\AndroidManifest.xml:22:17-69
37-->src\main\AndroidManifest.xml:22:25-66
38
39                <category android:name="android.intent.category.LAUNCHER" />
39-->src\main\AndroidManifest.xml:24:17-77
39-->src\main\AndroidManifest.xml:24:27-74
40            </intent-filter>
41        </activity>
42        <activity android:name="com.example.pantalla1.MenuLatActivity" >
42-->src\main\AndroidManifest.xml:28:9-29:20
42-->src\main\AndroidManifest.xml:28:19-50
43        </activity>
44        <activity android:name="com.example.pantalla1.NewGroupActivity" >
44-->src\main\AndroidManifest.xml:30:9-31:20
44-->src\main\AndroidManifest.xml:30:19-51
45        </activity>
46        <activity android:name="com.example.pantalla1.chatActivity" >
46-->src\main\AndroidManifest.xml:32:9-33:20
46-->src\main\AndroidManifest.xml:32:19-47
47        </activity>
48        <activity android:name="com.example.pantalla1.GroupActivity" >
48-->src\main\AndroidManifest.xml:34:9-35:20
48-->src\main\AndroidManifest.xml:34:19-48
49        </activity>
50        <activity android:name="com.example.pantalla1.RegistrarUsuario" >
50-->src\main\AndroidManifest.xml:36:9-37:20
50-->src\main\AndroidManifest.xml:36:19-51
51        </activity>
52
53        <!--
54        <activity android:name=".ChatSearchActivity">
55        </activity>
56        <activity android:name=".tareasActivity">
57        </activity>
58        <activity android:name=".SpinnerActivity">
59        </activity>
60        -->
61        <activity
61-->[com.github.Drjacky:ImagePicker:2.0.6] AndroidManifest.xml:14:9-17:68
62            android:name="com.github.drjacky.imagepicker.ImagePickerActivity"
62-->[com.github.Drjacky:ImagePicker:2.0.6] AndroidManifest.xml:15:13-78
63            android:screenOrientation="unspecified"
63-->[com.github.Drjacky:ImagePicker:2.0.6] AndroidManifest.xml:16:13-52
64            android:theme="@style/Theme.Transparent.ImagePicker" />
64-->[com.github.Drjacky:ImagePicker:2.0.6] AndroidManifest.xml:17:13-65
65        <activity
65-->[com.github.Drjacky:ImagePicker:2.0.6] AndroidManifest.xml:18:9-21:72
66            android:name="com.yalantis.ucrop.UCropActivity"
66-->[com.github.Drjacky:ImagePicker:2.0.6] AndroidManifest.xml:19:13-60
67            android:screenOrientation="portrait"
67-->[com.github.Drjacky:ImagePicker:2.0.6] AndroidManifest.xml:20:13-49
68            android:theme="@style/Theme.AppCompat.Light.NoActionBar" />
68-->[com.github.Drjacky:ImagePicker:2.0.6] AndroidManifest.xml:21:13-69
69
70        <provider
70-->[com.github.Drjacky:ImagePicker:2.0.6] AndroidManifest.xml:23:9-31:20
71            android:name="com.github.drjacky.imagepicker.ImagePickerFileProvider"
71-->[com.github.Drjacky:ImagePicker:2.0.6] AndroidManifest.xml:24:13-82
72            android:authorities="com.example.pantalla1.imagepicker.provider"
72-->[com.github.Drjacky:ImagePicker:2.0.6] AndroidManifest.xml:25:13-72
73            android:exported="false"
73-->[com.github.Drjacky:ImagePicker:2.0.6] AndroidManifest.xml:26:13-37
74            android:grantUriPermissions="true" >
74-->[com.github.Drjacky:ImagePicker:2.0.6] AndroidManifest.xml:27:13-47
75            <meta-data
75-->[com.github.Drjacky:ImagePicker:2.0.6] AndroidManifest.xml:28:13-30:71
76                android:name="android.support.FILE_PROVIDER_PATHS"
76-->[com.github.Drjacky:ImagePicker:2.0.6] AndroidManifest.xml:29:17-67
77                android:resource="@xml/image_picker_provider_paths" />
77-->[com.github.Drjacky:ImagePicker:2.0.6] AndroidManifest.xml:30:17-68
78        </provider>
79
80        <service
80-->[com.google.firebase:firebase-auth-ktx:20.0.4] AndroidManifest.xml:8:9-14:19
81            android:name="com.google.firebase.components.ComponentDiscoveryService"
81-->[com.google.firebase:firebase-auth-ktx:20.0.4] AndroidManifest.xml:9:13-84
82            android:directBootAware="true"
82-->[com.google.firebase:firebase-common:19.5.0] AndroidManifest.xml:35:13-43
83            android:exported="false" >
83-->[com.google.firebase:firebase-auth-ktx:20.0.4] AndroidManifest.xml:10:13-37
84            <meta-data
84-->[com.google.firebase:firebase-auth-ktx:20.0.4] AndroidManifest.xml:11:13-13:85
85                android:name="com.google.firebase.components:com.google.firebase.auth.ktx.FirebaseAuthKtxRegistrar"
85-->[com.google.firebase:firebase-auth-ktx:20.0.4] AndroidManifest.xml:12:17-116
86                android:value="com.google.firebase.components.ComponentRegistrar" />
86-->[com.google.firebase:firebase-auth-ktx:20.0.4] AndroidManifest.xml:13:17-82
87            <meta-data
87-->[com.google.firebase:firebase-database-ktx:19.7.0] AndroidManifest.xml:15:13-17:85
88                android:name="com.google.firebase.components:com.google.firebase.database.ktx.FirebaseDatabaseKtxRegistrar"
88-->[com.google.firebase:firebase-database-ktx:19.7.0] AndroidManifest.xml:16:17-124
89                android:value="com.google.firebase.components.ComponentRegistrar" />
89-->[com.google.firebase:firebase-database-ktx:19.7.0] AndroidManifest.xml:17:17-82
90            <meta-data
90-->[com.google.firebase:firebase-storage-ktx:19.2.2] AndroidManifest.xml:15:13-17:85
91                android:name="com.google.firebase.components:com.google.firebase.storage.ktx.FirebaseStorageKtxRegistrar"
91-->[com.google.firebase:firebase-storage-ktx:19.2.2] AndroidManifest.xml:16:17-122
92                android:value="com.google.firebase.components.ComponentRegistrar" />
92-->[com.google.firebase:firebase-storage-ktx:19.2.2] AndroidManifest.xml:17:17-82
93            <meta-data
93-->[com.google.firebase:firebase-common-ktx:19.5.0] AndroidManifest.xml:15:13-17:85
94                android:name="com.google.firebase.components:com.google.firebase.ktx.FirebaseCommonKtxRegistrar"
94-->[com.google.firebase:firebase-common-ktx:19.5.0] AndroidManifest.xml:16:17-113
95                android:value="com.google.firebase.components.ComponentRegistrar" />
95-->[com.google.firebase:firebase-common-ktx:19.5.0] AndroidManifest.xml:17:17-82
96            <meta-data
96-->[com.google.firebase:firebase-storage:19.2.2] AndroidManifest.xml:33:13-35:85
97                android:name="com.google.firebase.components:com.google.firebase.storage.StorageRegistrar"
97-->[com.google.firebase:firebase-storage:19.2.2] AndroidManifest.xml:34:17-107
98                android:value="com.google.firebase.components.ComponentRegistrar" />
98-->[com.google.firebase:firebase-storage:19.2.2] AndroidManifest.xml:35:17-82
99            <meta-data
99-->[com.google.firebase:firebase-auth:20.0.4] AndroidManifest.xml:77:13-79:85
100                android:name="com.google.firebase.components:com.google.firebase.auth.FirebaseAuthRegistrar"
100-->[com.google.firebase:firebase-auth:20.0.4] AndroidManifest.xml:78:17-109
101                android:value="com.google.firebase.components.ComponentRegistrar" />
101-->[com.google.firebase:firebase-auth:20.0.4] AndroidManifest.xml:79:17-82
102            <meta-data
102-->[com.google.firebase:firebase-database:19.7.0] AndroidManifest.xml:32:13-34:85
103                android:name="com.google.firebase.components:com.google.firebase.database.DatabaseRegistrar"
103-->[com.google.firebase:firebase-database:19.7.0] AndroidManifest.xml:33:17-109
104                android:value="com.google.firebase.components.ComponentRegistrar" />
104-->[com.google.firebase:firebase-database:19.7.0] AndroidManifest.xml:34:17-82
105            <!--
106                This registrar is not defined in the dynamic-module-support sdk itself to allow non-firebase
107                clients to use it as well, by defining this registrar in their own core/common library.
108            -->
109            <meta-data
109-->[com.google.firebase:firebase-common:19.5.0] AndroidManifest.xml:43:13-45:85
110                android:name="com.google.firebase.components:com.google.firebase.dynamicloading.DynamicLoadingRegistrar"
110-->[com.google.firebase:firebase-common:19.5.0] AndroidManifest.xml:44:17-121
111                android:value="com.google.firebase.components.ComponentRegistrar" />
111-->[com.google.firebase:firebase-common:19.5.0] AndroidManifest.xml:45:17-82
112        </service>
113
114        <provider
114-->[com.squareup.picasso:picasso:2.71828] AndroidManifest.xml:8:9-11:40
115            android:name="com.squareup.picasso.PicassoProvider"
115-->[com.squareup.picasso:picasso:2.71828] AndroidManifest.xml:9:13-64
116            android:authorities="com.example.pantalla1.com.squareup.picasso"
116-->[com.squareup.picasso:picasso:2.71828] AndroidManifest.xml:10:13-72
117            android:exported="false" />
117-->[com.squareup.picasso:picasso:2.71828] AndroidManifest.xml:11:13-37
118
119        <activity
119-->[com.google.firebase:firebase-auth:20.0.4] AndroidManifest.xml:27:9-44:20
120            android:name="com.google.firebase.auth.internal.GenericIdpActivity"
120-->[com.google.firebase:firebase-auth:20.0.4] AndroidManifest.xml:28:13-80
121            android:excludeFromRecents="true"
121-->[com.google.firebase:firebase-auth:20.0.4] AndroidManifest.xml:29:13-46
122            android:exported="true"
122-->[com.google.firebase:firebase-auth:20.0.4] AndroidManifest.xml:30:13-36
123            android:launchMode="singleTask"
123-->[com.google.firebase:firebase-auth:20.0.4] AndroidManifest.xml:31:13-44
124            android:theme="@android:style/Theme.Translucent.NoTitleBar" >
124-->[com.google.firebase:firebase-auth:20.0.4] AndroidManifest.xml:32:13-72
125            <intent-filter>
125-->[com.google.firebase:firebase-auth:20.0.4] AndroidManifest.xml:33:13-43:29
126                <action android:name="android.intent.action.VIEW" />
126-->[com.google.firebase:firebase-auth:20.0.4] AndroidManifest.xml:34:17-69
126-->[com.google.firebase:firebase-auth:20.0.4] AndroidManifest.xml:34:25-66
127
128                <category android:name="android.intent.category.DEFAULT" />
128-->[com.google.firebase:firebase-auth:20.0.4] AndroidManifest.xml:36:17-76
128-->[com.google.firebase:firebase-auth:20.0.4] AndroidManifest.xml:36:27-73
129                <category android:name="android.intent.category.BROWSABLE" />
129-->[com.google.firebase:firebase-auth:20.0.4] AndroidManifest.xml:37:17-78
129-->[com.google.firebase:firebase-auth:20.0.4] AndroidManifest.xml:37:27-75
130
131                <data
131-->[com.google.firebase:firebase-auth:20.0.4] AndroidManifest.xml:39:17-42:51
132                    android:host="firebase.auth"
132-->[com.google.firebase:firebase-auth:20.0.4] AndroidManifest.xml:40:21-49
133                    android:path="/"
133-->[com.google.firebase:firebase-auth:20.0.4] AndroidManifest.xml:41:21-37
134                    android:scheme="genericidp" />
134-->[com.google.firebase:firebase-auth:20.0.4] AndroidManifest.xml:42:21-48
135            </intent-filter>
136        </activity>
137        <activity
137-->[com.google.firebase:firebase-auth:20.0.4] AndroidManifest.xml:45:9-62:20
138            android:name="com.google.firebase.auth.internal.RecaptchaActivity"
138-->[com.google.firebase:firebase-auth:20.0.4] AndroidManifest.xml:46:13-79
139            android:excludeFromRecents="true"
139-->[com.google.firebase:firebase-auth:20.0.4] AndroidManifest.xml:47:13-46
140            android:exported="true"
140-->[com.google.firebase:firebase-auth:20.0.4] AndroidManifest.xml:48:13-36
141            android:launchMode="singleTask"
141-->[com.google.firebase:firebase-auth:20.0.4] AndroidManifest.xml:49:13-44
142            android:theme="@android:style/Theme.Translucent.NoTitleBar" >
142-->[com.google.firebase:firebase-auth:20.0.4] AndroidManifest.xml:50:13-72
143            <intent-filter>
143-->[com.google.firebase:firebase-auth:20.0.4] AndroidManifest.xml:51:13-61:29
144                <action android:name="android.intent.action.VIEW" />
144-->[com.google.firebase:firebase-auth:20.0.4] AndroidManifest.xml:34:17-69
144-->[com.google.firebase:firebase-auth:20.0.4] AndroidManifest.xml:34:25-66
145
146                <category android:name="android.intent.category.DEFAULT" />
146-->[com.google.firebase:firebase-auth:20.0.4] AndroidManifest.xml:36:17-76
146-->[com.google.firebase:firebase-auth:20.0.4] AndroidManifest.xml:36:27-73
147                <category android:name="android.intent.category.BROWSABLE" />
147-->[com.google.firebase:firebase-auth:20.0.4] AndroidManifest.xml:37:17-78
147-->[com.google.firebase:firebase-auth:20.0.4] AndroidManifest.xml:37:27-75
148
149                <data
149-->[com.google.firebase:firebase-auth:20.0.4] AndroidManifest.xml:39:17-42:51
150                    android:host="firebase.auth"
150-->[com.google.firebase:firebase-auth:20.0.4] AndroidManifest.xml:40:21-49
151                    android:path="/"
151-->[com.google.firebase:firebase-auth:20.0.4] AndroidManifest.xml:41:21-37
152                    android:scheme="recaptcha" />
152-->[com.google.firebase:firebase-auth:20.0.4] AndroidManifest.xml:42:21-48
153            </intent-filter>
154        </activity>
155
156        <service
156-->[com.google.firebase:firebase-auth:20.0.4] AndroidManifest.xml:64:9-73:19
157            android:name="com.google.firebase.auth.api.fallback.service.FirebaseAuthFallbackService"
157-->[com.google.firebase:firebase-auth:20.0.4] AndroidManifest.xml:65:13-101
158            android:enabled="true"
158-->[com.google.firebase:firebase-auth:20.0.4] AndroidManifest.xml:66:13-35
159            android:exported="false" >
159-->[com.google.firebase:firebase-auth:20.0.4] AndroidManifest.xml:67:13-37
160            <intent-filter>
160-->[com.google.firebase:firebase-auth:20.0.4] AndroidManifest.xml:68:13-72:29
161                <action android:name="com.google.firebase.auth.api.gms.service.START" />
161-->[com.google.firebase:firebase-auth:20.0.4] AndroidManifest.xml:69:17-89
161-->[com.google.firebase:firebase-auth:20.0.4] AndroidManifest.xml:69:25-86
162
163                <category android:name="android.intent.category.DEFAULT" />
163-->[com.google.firebase:firebase-auth:20.0.4] AndroidManifest.xml:36:17-76
163-->[com.google.firebase:firebase-auth:20.0.4] AndroidManifest.xml:36:27-73
164            </intent-filter>
165        </service>
166
167        <provider
167-->[com.google.firebase:firebase-common:19.5.0] AndroidManifest.xml:26:9-31:39
168            android:name="com.google.firebase.provider.FirebaseInitProvider"
168-->[com.google.firebase:firebase-common:19.5.0] AndroidManifest.xml:27:13-77
169            android:authorities="com.example.pantalla1.firebaseinitprovider"
169-->[com.google.firebase:firebase-common:19.5.0] AndroidManifest.xml:28:13-72
170            android:directBootAware="true"
170-->[com.google.firebase:firebase-common:19.5.0] AndroidManifest.xml:29:13-43
171            android:exported="false"
171-->[com.google.firebase:firebase-common:19.5.0] AndroidManifest.xml:30:13-37
172            android:initOrder="100" />
172-->[com.google.firebase:firebase-common:19.5.0] AndroidManifest.xml:31:13-36
173
174        <activity
174-->[com.google.android.gms:play-services-base:17.1.0] AndroidManifest.xml:23:9-26:75
175            android:name="com.google.android.gms.common.api.GoogleApiActivity"
175-->[com.google.android.gms:play-services-base:17.1.0] AndroidManifest.xml:24:13-79
176            android:exported="false"
176-->[com.google.android.gms:play-services-base:17.1.0] AndroidManifest.xml:25:13-37
177            android:theme="@android:style/Theme.Translucent.NoTitleBar" />
177-->[com.google.android.gms:play-services-base:17.1.0] AndroidManifest.xml:26:13-72
178
179        <meta-data
179-->[com.google.android.gms:play-services-basement:17.1.0] AndroidManifest.xml:23:9-25:69
180            android:name="com.google.android.gms.version"
180-->[com.google.android.gms:play-services-basement:17.1.0] AndroidManifest.xml:24:13-58
181            android:value="@integer/google_play_services_version" />
181-->[com.google.android.gms:play-services-basement:17.1.0] AndroidManifest.xml:25:13-66
182    </application>
183
184</manifest>